WARNING:tensorflow:From /usr/local/lib/python3.7/site-packages/tensorflow/python/ops/math_ops.py:3066: to_int32 (from tensorflow.python.ops.math_ops) is deprecated and will be removed in a future version.
Instructions for updating:
Use tf.cast instead.
WARNING:tensorflow:From /usr/local/lib/python3.7/site-packages/tensorflow/python/ops/math_grad.py:102: div (from tensorflow.python.ops.math_ops) is deprecated and will be removed in a future version.
Instructions for updating:
Deprecated in favor of operator or tf.math.divide.
WARNING:tensorflow:From /usr/local/lib/python3.7/site-packages/tensorflow/python/ops/math_ops.py:3066: to_int32 (from tensorflow.python.ops.math_ops) is deprecated and will be removed in a future version.
Instructions for updating:
Use tf.cast instead.
WARNING:tensorflow:From /usr/local/lib/python3.7/site-packages/tensorflow/python/ops/math_grad.py:102: div (from tensorflow.python.ops.math_ops) is deprecated and will be removed in a future version.
Instructions for updating:
Deprecated in favor of operator or tf.math.divide.
WARNING:tensorflow:From /usr/local/lib/python3.7/site-packages/tensorflow/python/ops/math_ops.py:3066: to_int32 (from tensorflow.python.ops.math_ops) is deprecated and will be removed in a future version.
Instructions for updating:
Use tf.cast instead.
WARNING:tensorflow:From /usr/local/lib/python3.7/site-packages/tensorflow/python/ops/math_grad.py:102: div (from tensorflow.python.ops.math_ops) is deprecated and will be removed in a future version.
Instructions for updating:
Deprecated in favor of operator or tf.math.divide.
INFO:root:Epoch:[1]-[0/38] --> d_loss: 2.034 0.69806993 0.5689027
INFO:root:Epoch:[1]-[1/38] --> d_loss: 0.562 4.0065165 1.2075498
WARNING:tensorflow:From /usr/local/lib/python3.7/site-packages/tensorflow/python/ops/math_ops.py:3066: to_int32 (from tensorflow.python.ops.math_ops) is deprecated and will be removed in a future version.
Instructions for updating:
Use tf.cast instead.
WARNING:tensorflow:From /usr/local/lib/python3.7/site-packages/tensorflow/python/ops/math_grad.py:102: div (from tensorflow.python.ops.math_ops) is deprecated and will be removed in a future version.
Instructions for updating:
Deprecated in favor of operator or tf.math.divide.
INFO:root:Epoch:[1]-[0/38] --> d_loss: 3.205 0.8222232 0.65324694
INFO:root:Epoch:[1]-[1/38] --> d_loss: 3.596 1.8372574 1.207551
INFO:root:Epoch:[1]-[2/38] --> d_loss: 0.171 5.7539234 0.9389247
INFO:root:Epoch:[1]-[3/38] --> d_loss: 0.120 8.99091 0.89781713
INFO:root:Epoch:[1]-[4/38] --> d_loss: 0.459 10.751279 0.8277145
INFO:root:Epoch:[1]-[5/38] --> d_loss: 0.546 11.643006 0.7713889
INFO:root:Epoch:[1]-[6/38] --> d_loss: 0.653 11.278393 0.9239578
WARNING:tensorflow:From /usr/local/lib/python3.7/site-packages/tensorflow/python/ops/math_ops.py:3066: to_int32 (from tensorflow.python.ops.math_ops) is deprecated and will be removed in a future version.
Instructions for updating:
Use tf.cast instead.
WARNING:tensorflow:From /usr/local/lib/python3.7/site-packages/tensorflow/python/ops/math_grad.py:102: div (from tensorflow.python.ops.math_ops) is deprecated and will be removed in a future version.
Instructions for updating:
Deprecated in favor of operator or tf.math.divide.
INFO:root:Epoch:[1]-[0/38] --> d_loss: 3.751 4.151415 3.6673527
INFO:root:Epoch:[1]-[1/38] --> d_loss: 2.000 1.7593238 1.2075825
WARNING:tensorflow:From /usr/local/lib/python3.7/site-packages/tensorflow/python/ops/math_ops.py:3066: to_int32 (from tensorflow.python.ops.math_ops) is deprecated and will be removed in a future version.
Instructions for updating:
Use tf.cast instead.
WARNING:tensorflow:From /usr/local/lib/python3.7/site-packages/tensorflow/python/ops/math_grad.py:102: div (from tensorflow.python.ops.math_ops) is deprecated and will be removed in a future version.
Instructions for updating:
Deprecated in favor of operator or tf.math.divide.
INFO:root:Epoch:[1]-[0/38] --> d_loss: 4.375 5.112053 4.8043556
INFO:root:Epoch:[1]-[1/38] --> d_loss: 1.617 2.1739671 0.56085825
INFO:root:Epoch:[1]-[2/38] --> d_loss: 0.878 1.6516042 0.2370539
WARNING:tensorflow:From /usr/local/lib/python3.7/site-packages/tensorflow/python/ops/math_ops.py:3066: to_int32 (from tensorflow.python.ops.math_ops) is deprecated and will be removed in a future version.
Instructions for updating:
Use tf.cast instead.
WARNING:tensorflow:From /usr/local/lib/python3.7/site-packages/tensorflow/python/ops/math_grad.py:102: div (from tensorflow.python.ops.math_ops) is deprecated and will be removed in a future version.
Instructions for updating:
Deprecated in favor of operator or tf.math.divide.
INFO:root:Epoch:[1]-[0/38] --> d_loss: 3.240 0.6561181 0.5527837
INFO:root:Epoch:[1]-[1/38] --> d_loss: 6.495 1.2358818 1.2075497
INFO:root:Epoch:[1]-[2/38] --> d_loss: 1.485 3.2637255 0.9389196
INFO:root:Epoch:[1]-[3/38] --> d_loss: 0.073 7.7921543 0.8977015
INFO:root:Epoch:[1]-[4/38] --> d_loss: 0.360 10.58201 0.82763326
